NOTE: nokogumbo: Using Nokogiri::HTML5 provided by Nokogiri. See https://github.com/sparklemotion/nokogiri/issues/2205 for more information.
Running ["LinkCheck", "ImageCheck", "HtmlCheck", "ScriptCheck"] on ["."] on *.html... 


Checking 319 external links...
Ran on 59 files!


- ./404.html
  *  External link https://support.opensciencegrid.org/support/tickets/new failed: response code 0 means something's wrong.
             It's possible libcurl couldn't connect to the server or perhaps the request timed out.
             Sometimes, making too many requests at once also breaks things.
             Either way, the return message (if any) from the server is: Couldn't resolve host name
- ./about/organization/index.html
  *  External link http://cern.ch/lcg failed: 302 Couldn't resolve host name
  *  External link http://hcc.unl.edu/contact failed: 404 No error
  *  External link http://snoplus.phy.queensu.ca/Home.html failed: 404 No error
  *  External link http://t2.unl.edu/documentation/gpn failed: 404 No error
  *  External link http://www.chtc.cs.wisc.edu failed: 302 SSL peer certificate or SSH remote key was not OK
  *  External link http://www.grid.iu.edu/ failed: response code 0 means something's wrong.
             It's possible libcurl couldn't connect to the server or perhaps the request timed out.
             Sometimes, making too many requests at once also breaks things.
             Either way, the return message (if any) from the server is: Couldn't resolve host name
  *  External link http://www.lsst.org/lsst/ failed: 403 No error
  *  External link http://www.ncc.unesp.br failed: 403 No error
  *  External link http://www.usatlas.bnl.gov failed: 403 No error
  *  External link http://www.usatlas.bnl.gov/index.shtml failed: 403 No error
  *  External link http://www.uscms.org failed: 302 SSL peer certificate or SSH remote key was not OK
  *  External link https://grid-voms.desy.de:8443/voms/icecube/ failed: response code 0 means something's wrong.
             It's possible libcurl couldn't connect to the server or perhaps the request timed out.
             Sometimes, making too many requests at once also breaks things.
             Either way, the return message (if any) from the server is: SSL peer certificate or SSH remote key was not OK
  *  External link https://lcg-voms.cern.ch:8443/vo/ops/vomrs?path=/RootNode&action=execute failed: response code 0 means something's wrong.
             It's possible libcurl couldn't connect to the server or perhaps the request timed out.
             Sometimes, making too many requests at once also breaks things.
             Either way, the return message (if any) from the server is: Couldn't resolve host name
  *  External link https://ticket.grid.iu.edu/ failed: response code 0 means something's wrong.
             It's possible libcurl couldn't connect to the server or perhaps the request timed out.
             Sometimes, making too many requests at once also breaks things.
             Either way, the return message (if any) from the server is: Couldn't resolve host name
  *  External link https://twiki.grid.iu.edu/bin/view/VirtualOrganizations/VOInfo/MIS failed: got a time out (response code 0)
  *  External link https://www.darkenergysurvey.org/ failed: response code 0 means something's wrong.
             It's possible libcurl couldn't connect to the server or perhaps the request timed out.
             Sometimes, making too many requests at once also breaks things.
             Either way, the return message (if any) from the server is: Couldn't resolve host name
  *  External link https://www.darkenergysurvey.org/contact_us/ failed: response code 0 means something's wrong.
             It's possible libcurl couldn't connect to the server or perhaps the request timed out.
             Sometimes, making too many requests at once also breaks things.
             Either way, the return message (if any) from the server is: Couldn't resolve host name
- ./about/osdf/index.html
  *  External link https://internet2.edu/ failed: response code 0 means something's wrong.
             It's possible libcurl couldn't connect to the server or perhaps the request timed out.
             Sometimes, making too many requests at once also breaks things.
             Either way, the return message (if any) from the server is: Couldn't resolve host name
  *  External link https://www.ligo.caltech.edu/ failed: response code 0 means something's wrong.
             It's possible libcurl couldn't connect to the server or perhaps the request timed out.
             Sometimes, making too many requests at once also breaks things.
             Either way, the return message (if any) from the server is: Couldn't resolve host name
- ./about/publications/index.html
  *  External link https://doi.org/10.1007/978-3-030-50743-5_2 failed: 302 Number of redirects hit maximum amount
  *  External link https://indico.cern.ch/event/1026363/contributions/4309498/ failed: response code 0 means something's wrong.
             It's possible libcurl couldn't connect to the server or perhaps the request timed out.
             Sometimes, making too many requests at once also breaks things.
             Either way, the return message (if any) from the server is: Couldn't resolve host name
  *  External link https://indico.cern.ch/event/773049/contributions/3473823/ failed: response code 0 means something's wrong.
             It's possible libcurl couldn't connect to the server or perhaps the request timed out.
             Sometimes, making too many requests at once also breaks things.
             Either way, the return message (if any) from the server is: Couldn't resolve host name
  *  External link https://indico.cern.ch/event/773049/contributions/3474435/ failed: response code 0 means something's wrong.
             It's possible libcurl couldn't connect to the server or perhaps the request timed out.
             Sometimes, making too many requests at once also breaks things.
             Either way, the return message (if any) from the server is: Couldn't resolve host name
  *  External link https://indico.cern.ch/event/885212/contributions/4120589/ failed: response code 0 means something's wrong.
             It's possible libcurl couldn't connect to the server or perhaps the request timed out.
             Sometimes, making too many requests at once also breaks things.
             Either way, the return message (if any) from the server is: Couldn't resolve host name
  *  External link https://support.opensciencegrid.org/ failed: response code 0 means something's wrong.
             It's possible libcurl couldn't connect to the server or perhaps the request timed out.
             Sometimes, making too many requests at once also breaks things.
             Either way, the return message (if any) from the server is: Couldn't resolve host name
- ./about/team/index.html
  *  External link https://lsa.umich.edu/physics/people/research-scientists/smckee.html failed: response code 0 means something's wrong.
             It's possible libcurl couldn't connect to the server or perhaps the request timed out.
             Sometimes, making too many requests at once also breaks things.
             Either way, the return message (if any) from the server is: Couldn't resolve host name
  *  External link https://www.ci.uchicago.edu/profile/195 failed: response code 0 means something's wrong.
             It's possible libcurl couldn't connect to the server or perhaps the request timed out.
             Sometimes, making too many requests at once also breaks things.
             Either way, the return message (if any) from the server is: Couldn't resolve host name
- ./campus-cyberinfrastructure.html
  *  External link https://newscenter.nmsu.edu/Articles/view/14445/nsf-grant-brings-high-performance-computing-to-new-mexico-students-faculty failed: 404 No error
  *  External link https://now.tufts.edu/articles/tufts-awarded-nsf-grant-expand-big-data-innovation-and-discovery failed: response code 0 means something's wrong.
             It's possible libcurl couldn't connect to the server or perhaps the request timed out.
             Sometimes, making too many requests at once also breaks things.
             Either way, the return message (if any) from the server is: Couldn't resolve host name
  *  External link https://pace.gatech.edu/ failed: response code 0 means something's wrong.
             It's possible libcurl couldn't connect to the server or perhaps the request timed out.
             Sometimes, making too many requests at once also breaks things.
             Either way, the return message (if any) from the server is: Couldn't resolve host name
  *  External link https://www.amnh.org/research/computational-sciences failed: 403 No error
  *  External link https://www.colorado.edu/rc/ failed: response code 0 means something's wrong.
             It's possible libcurl couldn't connect to the server or perhaps the request timed out.
             Sometimes, making too many requests at once also breaks things.
             Either way, the return message (if any) from the server is: Couldn't resolve host name
  *  External link https://www.purdue.edu/newsroom/releases/2019/Q3/nsf-supports-purdue-team-developing-online-manufacturing-education.html failed: response code 0 means something's wrong.
             It's possible libcurl couldn't connect to the server or perhaps the request timed out.
             Sometimes, making too many requests at once also breaks things.
             Either way, the return message (if any) from the server is: Couldn't resolve host name
  *  External link https://www.utc.edu/ failed: response code 0 means something's wrong.
             It's possible libcurl couldn't connect to the server or perhaps the request timed out.
             Sometimes, making too many requests at once also breaks things.
             Either way, the return message (if any) from the server is: Couldn't resolve host name
  *  External link https://www1.lehigh.edu/ failed: response code 0 means something's wrong.
             It's possible libcurl couldn't connect to the server or perhaps the request timed out.
             Sometimes, making too many requests at once also breaks things.
             Either way, the return message (if any) from the server is: Couldn't resolve host name
- ./covid-19.html
  *  External link https://opensciencegrid.org/about/computation/ failed: 404 No error
  *  External link https://sciencegateways.org/-/trusted-ci-nsf-ci-coe-pilot-and-sgci-offering-priority-help-to-projects-tackling-covid-19 failed: 404 No error
  *  External link https://twiki.cern.ch/twiki/bin/view/LCG/WLCGresourcesForCOVID-19research failed: response code 0 means something's wrong.
             It's possible libcurl couldn't connect to the server or perhaps the request timed out.
             Sometimes, making too many requests at once also breaks things.
             Either way, the return message (if any) from the server is: Couldn't resolve host name
- ./events.html
  *  External link https://www.trustedci.org/2021-cybersecurity-summit failed: response code 0 means something's wrong.
             It's possible libcurl couldn't connect to the server or perhaps the request timed out.
             Sometimes, making too many requests at once also breaks things.
             Either way, the return message (if any) from the server is: Couldn't resolve host name
- ./events/2021-NSF-Cybersecurity-Summit-Workshop/index.html
  *  External link http://www.tagpma.org/ failed: response code 0 means something's wrong.
             It's possible libcurl couldn't connect to the server or perhaps the request timed out.
             Sometimes, making too many requests at once also breaks things.
             Either way, the return message (if any) from the server is: Couldn't resolve host name
  *  External link https://www.trustedci.org/ failed: response code 0 means something's wrong.
             It's possible libcurl couldn't connect to the server or perhaps the request timed out.
             Sometimes, making too many requests at once also breaks things.
             Either way, the return message (if any) from the server is: Couldn't resolve host name
  *  internally linking to bbockelman@morgridge.org, which does not exist (line 245)
     <a href="bbockelman@morgridge.org">bbockelman@morgridge.org</a>
  *  internally linking to dsimmel@psc.edu, which does not exist (line 243)
     <a href="dsimmel@psc.edu">dsimmel@psc.edu</a>
  *  internally linking to dweitzel@unl.edu, which does not exist (line 246)
     <a href="dweitzel@unl.edu">dweitzel@unl.edu</a>
  *  internally linking to jbasney@illinois.edu, which does not exist (line 244)
     <a href="jbasney@illinois.edu">jbasney@illinois.edu</a>
  *  internally linking to workshop@sciauth.org, which does not exist (line 167)
     <a href="workshop@sciauth.org">workshop@sciauth.org</a>
- ./events/HTCondorWeek-Europe/index.html
  *  External link https://indico.cern.ch/event/1059494/abstracts/ failed: response code 0 means something's wrong.
             It's possible libcurl couldn't connect to the server or perhaps the request timed out.
             Sometimes, making too many requests at once also breaks things.
             Either way, the return message (if any) from the server is: Couldn't resolve host name
  *  External link https://indico.cern.ch/event/1059494/registrations/74555/ failed: response code 0 means something's wrong.
             It's possible libcurl couldn't connect to the server or perhaps the request timed out.
             Sometimes, making too many requests at once also breaks things.
             Either way, the return message (if any) from the server is: Couldn't resolve host name
  *  External link https://www.to.infn.it/ failed: response code 0 means something's wrong.
             It's possible libcurl couldn't connect to the server or perhaps the request timed out.
             Sometimes, making too many requests at once also breaks things.
             Either way, the return message (if any) from the server is: SSL peer certificate or SSH remote key was not OK
- ./events/OSG-Virtual-School/index.html
  *  internally linking to schedule.md, which does not exist (line 204)
     <a href="schedule.md">the high-level schedule for 2021</a>
- ./events/TrustedCI-Webinar/index.html
  *  External link https://iu.zoom.us/webinar/register/WN_gBLnpC-yS_-en3vKAbeFzQ failed: response code 0 means something's wrong.
             It's possible libcurl couldn't connect to the server or perhaps the request timed out.
             Sometimes, making too many requests at once also breaks things.
             Either way, the return message (if any) from the server is: Couldn't resolve host name
  *  External link https://www.trustedci.org/ failed: response code 0 means something's wrong.
             It's possible libcurl couldn't connect to the server or perhaps the request timed out.
             Sometimes, making too many requests at once also breaks things.
             Either way, the return message (if any) from the server is: Couldn't resolve host name
  *  External link https://www.trustedci.org/webinars failed: response code 0 means something's wrong.
             It's possible libcurl couldn't connect to the server or perhaps the request timed out.
             Sometimes, making too many requests at once also breaks things.
             Either way, the return message (if any) from the server is: Couldn't resolve host name
- ./index.html
  *  External link https://platform.twitter.com/widgets.js failed: response code 0 means something's wrong.
             It's possible libcurl couldn't connect to the server or perhaps the request timed out.
             Sometimes, making too many requests at once also breaks things.
             Either way, the return message (if any) from the server is: Couldn't resolve host name
  *  External link https://twitter.com/opensciencegrid?ref_src=twsrc%5Etfw failed: response code 0 means something's wrong.
             It's possible libcurl couldn't connect to the server or perhaps the request timed out.
             Sometimes, making too many requests at once also breaks things.
             Either way, the return message (if any) from the server is: Couldn't resolve host name
- ./myosg-decommissioned.html
  *  External link https://myosg.grid.iu.edu/ failed: response code 0 means something's wrong.
             It's possible libcurl couldn't connect to the server or perhaps the request timed out.
             Sometimes, making too many requests at once also breaks things.
             Either way, the return message (if any) from the server is: Couldn't resolve host name
  *  External link https://oim.grid.iu.edu failed: got a time out (response code 0)
- ./news.html
  *  External link https://morgridge.org/story/national-science-foundation-establishes-a-partnership-to-advance-throughput-computing/ failed: response code 0 means something's wrong.
             It's possible libcurl couldn't connect to the server or perhaps the request timed out.
             Sometimes, making too many requests at once also breaks things.
             Either way, the return message (if any) from the server is: Couldn't resolve host name
  *  External link https://www.darkenergysurvey.org/ failed: response code 0 means something's wrong.
             It's possible libcurl couldn't connect to the server or perhaps the request timed out.
             Sometimes, making too many requests at once also breaks things.
             Either way, the return message (if any) from the server is: Couldn't resolve host name
  *  External link https://www.ligo.caltech.edu/news/ligo20160211 failed: response code 0 means something's wrong.
             It's possible libcurl couldn't connect to the server or perhaps the request timed out.
             Sometimes, making too many requests at once also breaks things.
             Either way, the return message (if any) from the server is: Couldn't resolve host name
- ./news/2017/06/29/machine-learning.html
  *  External link https://www.docker.com/what-docker failed: response code 0 means something's wrong.
             It's possible libcurl couldn't connect to the server or perhaps the request timed out.
             Sometimes, making too many requests at once also breaks things.
             Either way, the return message (if any) from the server is: Couldn't resolve host name
- ./news/2017/10/05/ligo-wins-nobel-prize.html
  *  internally linking to /news/2017/10/05/osg-helps-ligo-scientists-confirm-einsteins-last-unproven-theory.html, which does not exist (line 130)
     <a href="/news/2017/10/05/osg-helps-ligo-scientists-confirm-einsteins-last-unproven-theory.html">an article</a>
- ./news/2017/11/07/ligo-virgo.html
  *  External link https://pegasus.isi.edu/ failed: response code 0 means something's wrong.
             It's possible libcurl couldn't connect to the server or perhaps the request timed out.
             Sometimes, making too many requests at once also breaks things.
             Either way, the return message (if any) from the server is: Couldn't resolve host name
- ./news/2019/11/22/gpu-cloudburst.html
  *  External link https://insidehpc.com/2019/11/sdsc-conducts-50000-gpu-cloudburst-experiment-with-wisconsin-icecube-particle-astrophysics-center/ failed: response code 0 means something's wrong.
             It's possible libcurl couldn't connect to the server or perhaps the request timed out.
             Sometimes, making too many requests at once also breaks things.
             Either way, the return message (if any) from the server is: Couldn't resolve host name
  *  External link https://www.linkedin.com/pulse/using-50k-gpus-across-multiple-clouds-icecube-science-igor-sfiligoi/ failed: response code 0 means something's wrong.
             It's possible libcurl couldn't connect to the server or perhaps the request timed out.
             Sometimes, making too many requests at once also breaks things.
             Either way, the return message (if any) from the server is: Couldn't resolve host name
  *  External link https://www.olcf.ornl.gov/summit/ failed: response code 0 means something's wrong.
             It's possible libcurl couldn't connect to the server or perhaps the request timed out.
             Sometimes, making too many requests at once also breaks things.
             Either way, the return message (if any) from the server is: Couldn't resolve host name
- ./news/2021/03/20/Migration-HTTPS-from-GridFTP-for-Data-Transfers.html
  *  External link https://wlcg.web.cern.ch/ failed: response code 0 means something's wrong.
             It's possible libcurl couldn't connect to the server or perhaps the request timed out.
             Sometimes, making too many requests at once also breaks things.
             Either way, the return message (if any) from the server is: Couldn't resolve host name
- ./news/2021/06/10/OSPool-Hits-Record-Utilization.html
  *  External link https://www.amnh.org/ failed: 403 No error
- ./news/2021/08/19/Anirvan-Showcase.html
  *  External link https://manoa.hawaii.edu/ failed: response code 0 means something's wrong.
             It's possible libcurl couldn't connect to the server or perhaps the request timed out.
             Sometimes, making too many requests at once also breaks things.
             Either way, the return message (if any) from the server is: Couldn't resolve host name
- ./news/2021/08/19/Spencer-Showcase.html
  *  External link https://doi.org/10.1007/s10822-013-9672-4 failed: 302 Number of redirects hit maximum amount
- ./news/2021/10/26/bat-genomics.html
  *  External link https://tbg.senckenberg.de/ failed: response code 0 means something's wrong.
             It's possible libcurl couldn't connect to the server or perhaps the request timed out.
             Sometimes, making too many requests at once also breaks things.
             Either way, the return message (if any) from the server is: SSL peer certificate or SSH remote key was not OK
  *  External link https://www.amnh.org/research/staff-directory/ariadna-morales failed: 403 No error
- ./ticket-decommissioned.html
  *  External link https://support.opensciencegrid.org/ failed: response code 0 means something's wrong.
             It's possible libcurl couldn't connect to the server or perhaps the request timed out.
             Sometimes, making too many requests at once also breaks things.
             Either way, the return message (if any) from the server is: Couldn't resolve host name
  *  External link https://ticket.opensciencegrid.org/ failed: response code 0 means something's wrong.
             It's possible libcurl couldn't connect to the server or perhaps the request timed out.
             Sometimes, making too many requests at once also breaks things.
             Either way, the return message (if any) from the server is: Couldn't resolve host name
- ./voms-decomissioned.html
  *  External link https://support.opensciencegrid.org/support/home failed: response code 0 means something's wrong.
             It's possible libcurl couldn't connect to the server or perhaps the request timed out.
             Sometimes, making too many requests at once also breaks things.
             Either way, the return message (if any) from the server is: Couldn't resolve host name
  *  External link https://voms.opensciencegrid.org/ failed: response code 0 means something's wrong.
             It's possible libcurl couldn't connect to the server or perhaps the request timed out.
             Sometimes, making too many requests at once also breaks things.
             Either way, the return message (if any) from the server is: Couldn't resolve host name

HTML-Proofer found 77 failures!
